  Source.cpp
C:\Users\yassi\source\repos\Golden-hat\Visual-Studio-Code-Class-Projects\cuartoA\SGI\practs\primer_entregable\Source.cpp(40,52): warning C4244: 'argumento': conversión de 'double' a 'GLfloat'; posible pérdida de datos
C:\Users\yassi\source\repos\Golden-hat\Visual-Studio-Code-Class-Projects\cuartoA\SGI\practs\primer_entregable\Source.cpp(41,52): warning C4244: 'argumento': conversión de 'double' a 'GLfloat'; posible pérdida de datos
C:\Users\yassi\source\repos\Golden-hat\Visual-Studio-Code-Class-Projects\cuartoA\SGI\practs\primer_entregable\Source.cpp(48,36): warning C4244: 'argumento': conversión de 'double' a 'float'; posible pérdida de datos
C:\Users\yassi\source\repos\Golden-hat\Visual-Studio-Code-Class-Projects\cuartoA\SGI\practs\primer_entregable\Source.cpp(53,52): warning C4244: 'argumento': conversión de 'double' a 'GLfloat'; posible pérdida de datos
C:\Users\yassi\source\repos\Golden-hat\Visual-Studio-Code-Class-Projects\cuartoA\SGI\practs\primer_entregable\Source.cpp(54,52): warning C4244: 'argumento': conversión de 'double' a 'GLfloat'; posible pérdida de datos
C:\Users\yassi\source\repos\Golden-hat\Visual-Studio-Code-Class-Projects\cuartoA\SGI\practs\primer_entregable\Source.cpp(62,52): warning C4244: 'argumento': conversión de 'double' a 'GLfloat'; posible pérdida de datos
C:\Users\yassi\source\repos\Golden-hat\Visual-Studio-Code-Class-Projects\cuartoA\SGI\practs\primer_entregable\Source.cpp(68,35): warning C4244: 'argumento': conversión de 'double' a 'GLfloat'; posible pérdida de datos
C:\Users\yassi\source\repos\Golden-hat\Visual-Studio-Code-Class-Projects\cuartoA\SGI\practs\primer_entregable\Source.cpp(71,52): warning C4244: 'argumento': conversión de 'double' a 'GLfloat'; posible pérdida de datos
C:\Users\yassi\source\repos\Golden-hat\Visual-Studio-Code-Class-Projects\cuartoA\SGI\practs\primer_entregable\Source.cpp(77,35): warning C4244: 'argumento': conversión de 'double' a 'GLfloat'; posible pérdida de datos
C:\Users\yassi\source\repos\Golden-hat\Visual-Studio-Code-Class-Projects\cuartoA\SGI\practs\primer_entregable\Source.cpp(80,52): warning C4244: 'argumento': conversión de 'double' a 'GLfloat'; posible pérdida de datos
C:\Users\yassi\source\repos\Golden-hat\Visual-Studio-Code-Class-Projects\cuartoA\SGI\practs\primer_entregable\Source.cpp(95,35): warning C4244: 'argumento': conversión de 'double' a 'GLfloat'; posible pérdida de datos
C:\Users\yassi\source\repos\Golden-hat\Visual-Studio-Code-Class-Projects\cuartoA\SGI\practs\primer_entregable\Source.cpp(98,52): warning C4244: 'argumento': conversión de 'double' a 'GLfloat'; posible pérdida de datos
C:\Users\yassi\source\repos\Golden-hat\Visual-Studio-Code-Class-Projects\cuartoA\SGI\practs\primer_entregable\Source.cpp(116,35): warning C4244: 'argumento': conversión de 'double' a 'GLfloat'; posible pérdida de datos
C:\Users\yassi\source\repos\Golden-hat\Visual-Studio-Code-Class-Projects\cuartoA\SGI\practs\primer_entregable\Source.cpp(117,67): warning C4244: 'argumento': conversión de 'double' a 'GLfloat'; posible pérdida de datos
C:\Users\yassi\source\repos\Golden-hat\Visual-Studio-Code-Class-Projects\cuartoA\SGI\practs\primer_entregable\Source.cpp(121,35): warning C4244: 'argumento': conversión de 'double' a 'GLfloat'; posible pérdida de datos
C:\Users\yassi\source\repos\Golden-hat\Visual-Studio-Code-Class-Projects\cuartoA\SGI\practs\primer_entregable\Source.cpp(122,67): warning C4244: 'argumento': conversión de 'double' a 'GLfloat'; posible pérdida de datos
C:\Users\yassi\source\repos\Golden-hat\Visual-Studio-Code-Class-Projects\cuartoA\SGI\practs\primer_entregable\Source.cpp(221,32): warning C4305: 'argumento': truncamiento de 'double' a 'float'
C:\Users\yassi\source\repos\Golden-hat\Visual-Studio-Code-Class-Projects\cuartoA\SGI\practs\primer_entregable\Source.cpp(241,32): warning C4305: 'argumento': truncamiento de 'double' a 'float'
C:\Users\yassi\source\repos\Golden-hat\Visual-Studio-Code-Class-Projects\cuartoA\SGI\practs\primer_entregable\Source.cpp(245,63): warning C4244: 'argumento': conversión de 'double' a 'GLfloat'; posible pérdida de datos
C:\Users\yassi\source\repos\Golden-hat\Visual-Studio-Code-Class-Projects\cuartoA\SGI\practs\primer_entregable\Source.cpp(251,63): warning C4244: 'argumento': conversión de 'double' a 'GLfloat'; posible pérdida de datos
C:\Users\yassi\source\repos\Golden-hat\Visual-Studio-Code-Class-Projects\cuartoA\SGI\practs\primer_entregable\Source.cpp(260,39): warning C4244: 'argumento': conversión de 'double' a 'GLfloat'; posible pérdida de datos
C:\Users\yassi\source\repos\Golden-hat\Visual-Studio-Code-Class-Projects\cuartoA\SGI\practs\primer_entregable\Source.cpp(265,39): warning C4244: 'argumento': conversión de 'double' a 'GLfloat'; posible pérdida de datos
C:\Users\yassi\source\repos\Golden-hat\Visual-Studio-Code-Class-Projects\cuartoA\SGI\practs\primer_entregable\Source.cpp(272,41): warning C4244: 'argumento': conversión de 'double' a 'GLfloat'; posible pérdida de datos
C:\Users\yassi\source\repos\Golden-hat\Visual-Studio-Code-Class-Projects\cuartoA\SGI\practs\primer_entregable\Source.cpp(273,41): warning C4244: 'argumento': conversión de 'double' a 'GLfloat'; posible pérdida de datos
C:\Users\yassi\source\repos\Golden-hat\Visual-Studio-Code-Class-Projects\cuartoA\SGI\practs\primer_entregable\Source.cpp(341,47): warning C4244: 'argumento': conversión de 'double' a 'GLfloat'; posible pérdida de datos
C:\Users\yassi\source\repos\Golden-hat\Visual-Studio-Code-Class-Projects\cuartoA\SGI\practs\primer_entregable\Source.cpp(349,57): warning C4244: 'argumento': conversión de 'double' a 'GLfloat'; posible pérdida de datos
C:\Users\yassi\source\repos\Golden-hat\Visual-Studio-Code-Class-Projects\cuartoA\SGI\practs\primer_entregable\Source.cpp(361,22): warning C4018: '<': no coinciden signed/unsigned
C:\Users\yassi\source\repos\Golden-hat\Visual-Studio-Code-Class-Projects\cuartoA\SGI\practs\primer_entregable\Source.cpp(370,22): warning C4018: '<': no coinciden signed/unsigned
C:\Users\yassi\source\repos\Golden-hat\Visual-Studio-Code-Class-Projects\cuartoA\SGI\practs\primer_entregable\Source.cpp(379,22): warning C4018: '<': no coinciden signed/unsigned
C:\Users\yassi\source\repos\Golden-hat\Visual-Studio-Code-Class-Projects\cuartoA\SGI\practs\primer_entregable\Source.cpp(388,22): warning C4018: '<': no coinciden signed/unsigned
C:\Users\yassi\source\repos\Golden-hat\Visual-Studio-Code-Class-Projects\cuartoA\SGI\practs\primer_entregable\Source.cpp(457,26): warning C4305: 'argumento': truncamiento de 'double' a 'float'
C:\Users\yassi\source\repos\Golden-hat\Visual-Studio-Code-Class-Projects\cuartoA\SGI\practs\primer_entregable\Source.cpp(484,23): warning C4305: 'argumento': truncamiento de 'double' a 'float'
C:\Users\yassi\source\repos\Golden-hat\Visual-Studio-Code-Class-Projects\cuartoA\SGI\practs\primer_entregable\Source.cpp(484,13): warning C4305: 'argumento': truncamiento de 'double' a 'float'
C:\Users\yassi\source\repos\Golden-hat\Visual-Studio-Code-Class-Projects\cuartoA\SGI\practs\primer_entregable\Source.cpp(485,21): warning C4305: 'argumento': truncamiento de 'double' a 'float'
C:\Users\yassi\source\repos\Golden-hat\Visual-Studio-Code-Class-Projects\cuartoA\SGI\practs\primer_entregable\Source.cpp(485,12): warning C4305: 'argumento': truncamiento de 'double' a 'float'
  Generando código
  3 of 181 functions ( 1.7%) were compiled, the rest were copied from previous compilation.
    0 functions were new in current compilation
    1 functions had inline decision re-evaluated but remain unchanged
  Generación de código finalizada
  primer_entregable.vcxproj -> C:\Users\yassi\source\repos\Golden-hat\Visual-Studio-Code-Class-Projects\cuartoA\SGI\practs\primer_entregable\primer_entregable.exe
