  Source.cpp
C:\Users\yassi\source\repos\Golden-hat\Visual-Studio-Code-Class-Projects\cuartoA\SGI\practs\primer_entregable\Source.cpp(57,52): warning C4244: 'argumento': conversión de 'double' a 'GLfloat'; posible pérdida de datos
C:\Users\yassi\source\repos\Golden-hat\Visual-Studio-Code-Class-Projects\cuartoA\SGI\practs\primer_entregable\Source.cpp(58,52): warning C4244: 'argumento': conversión de 'double' a 'GLfloat'; posible pérdida de datos
C:\Users\yassi\source\repos\Golden-hat\Visual-Studio-Code-Class-Projects\cuartoA\SGI\practs\primer_entregable\Source.cpp(65,37): warning C4244: 'argumento': conversión de 'double' a 'float'; posible pérdida de datos
C:\Users\yassi\source\repos\Golden-hat\Visual-Studio-Code-Class-Projects\cuartoA\SGI\practs\primer_entregable\Source.cpp(70,52): warning C4244: 'argumento': conversión de 'double' a 'GLfloat'; posible pérdida de datos
C:\Users\yassi\source\repos\Golden-hat\Visual-Studio-Code-Class-Projects\cuartoA\SGI\practs\primer_entregable\Source.cpp(71,52): warning C4244: 'argumento': conversión de 'double' a 'GLfloat'; posible pérdida de datos
C:\Users\yassi\source\repos\Golden-hat\Visual-Studio-Code-Class-Projects\cuartoA\SGI\practs\primer_entregable\Source.cpp(79,52): warning C4244: 'argumento': conversión de 'double' a 'GLfloat'; posible pérdida de datos
C:\Users\yassi\source\repos\Golden-hat\Visual-Studio-Code-Class-Projects\cuartoA\SGI\practs\primer_entregable\Source.cpp(85,35): warning C4244: 'argumento': conversión de 'double' a 'GLfloat'; posible pérdida de datos
C:\Users\yassi\source\repos\Golden-hat\Visual-Studio-Code-Class-Projects\cuartoA\SGI\practs\primer_entregable\Source.cpp(88,52): warning C4244: 'argumento': conversión de 'double' a 'GLfloat'; posible pérdida de datos
C:\Users\yassi\source\repos\Golden-hat\Visual-Studio-Code-Class-Projects\cuartoA\SGI\practs\primer_entregable\Source.cpp(94,35): warning C4244: 'argumento': conversión de 'double' a 'GLfloat'; posible pérdida de datos
C:\Users\yassi\source\repos\Golden-hat\Visual-Studio-Code-Class-Projects\cuartoA\SGI\practs\primer_entregable\Source.cpp(97,52): warning C4244: 'argumento': conversión de 'double' a 'GLfloat'; posible pérdida de datos
C:\Users\yassi\source\repos\Golden-hat\Visual-Studio-Code-Class-Projects\cuartoA\SGI\practs\primer_entregable\Source.cpp(112,35): warning C4244: 'argumento': conversión de 'double' a 'GLfloat'; posible pérdida de datos
C:\Users\yassi\source\repos\Golden-hat\Visual-Studio-Code-Class-Projects\cuartoA\SGI\practs\primer_entregable\Source.cpp(115,52): warning C4244: 'argumento': conversión de 'double' a 'GLfloat'; posible pérdida de datos
C:\Users\yassi\source\repos\Golden-hat\Visual-Studio-Code-Class-Projects\cuartoA\SGI\practs\primer_entregable\Source.cpp(133,34): warning C4244: 'argumento': conversión de 'double' a 'GLfloat'; posible pérdida de datos
C:\Users\yassi\source\repos\Golden-hat\Visual-Studio-Code-Class-Projects\cuartoA\SGI\practs\primer_entregable\Source.cpp(134,66): warning C4244: 'argumento': conversión de 'double' a 'GLfloat'; posible pérdida de datos
C:\Users\yassi\source\repos\Golden-hat\Visual-Studio-Code-Class-Projects\cuartoA\SGI\practs\primer_entregable\Source.cpp(138,34): warning C4244: 'argumento': conversión de 'double' a 'GLfloat'; posible pérdida de datos
C:\Users\yassi\source\repos\Golden-hat\Visual-Studio-Code-Class-Projects\cuartoA\SGI\practs\primer_entregable\Source.cpp(139,66): warning C4244: 'argumento': conversión de 'double' a 'GLfloat'; posible pérdida de datos
C:\Users\yassi\source\repos\Golden-hat\Visual-Studio-Code-Class-Projects\cuartoA\SGI\practs\primer_entregable\Source.cpp(236,32): warning C4305: 'argumento': truncamiento de 'double' a 'float'
C:\Users\yassi\source\repos\Golden-hat\Visual-Studio-Code-Class-Projects\cuartoA\SGI\practs\primer_entregable\Source.cpp(256,32): warning C4305: 'argumento': truncamiento de 'double' a 'float'
C:\Users\yassi\source\repos\Golden-hat\Visual-Studio-Code-Class-Projects\cuartoA\SGI\practs\primer_entregable\Source.cpp(260,63): warning C4244: 'argumento': conversión de 'double' a 'GLfloat'; posible pérdida de datos
C:\Users\yassi\source\repos\Golden-hat\Visual-Studio-Code-Class-Projects\cuartoA\SGI\practs\primer_entregable\Source.cpp(266,63): warning C4244: 'argumento': conversión de 'double' a 'GLfloat'; posible pérdida de datos
C:\Users\yassi\source\repos\Golden-hat\Visual-Studio-Code-Class-Projects\cuartoA\SGI\practs\primer_entregable\Source.cpp(274,39): warning C4244: 'argumento': conversión de 'double' a 'GLfloat'; posible pérdida de datos
C:\Users\yassi\source\repos\Golden-hat\Visual-Studio-Code-Class-Projects\cuartoA\SGI\practs\primer_entregable\Source.cpp(279,39): warning C4244: 'argumento': conversión de 'double' a 'GLfloat'; posible pérdida de datos
C:\Users\yassi\source\repos\Golden-hat\Visual-Studio-Code-Class-Projects\cuartoA\SGI\practs\primer_entregable\Source.cpp(285,41): warning C4244: 'argumento': conversión de 'double' a 'GLfloat'; posible pérdida de datos
C:\Users\yassi\source\repos\Golden-hat\Visual-Studio-Code-Class-Projects\cuartoA\SGI\practs\primer_entregable\Source.cpp(286,41): warning C4244: 'argumento': conversión de 'double' a 'GLfloat'; posible pérdida de datos
C:\Users\yassi\source\repos\Golden-hat\Visual-Studio-Code-Class-Projects\cuartoA\SGI\practs\primer_entregable\Source.cpp(296,20): warning C4018: '<': no coinciden signed/unsigned
C:\Users\yassi\source\repos\Golden-hat\Visual-Studio-Code-Class-Projects\cuartoA\SGI\practs\primer_entregable\Source.cpp(299,41): warning C4305: 'argumento': truncamiento de 'double' a 'float'
C:\Users\yassi\source\repos\Golden-hat\Visual-Studio-Code-Class-Projects\cuartoA\SGI\practs\primer_entregable\Source.cpp(364,46): warning C4244: 'argumento': conversión de 'double' a 'GLfloat'; posible pérdida de datos
C:\Users\yassi\source\repos\Golden-hat\Visual-Studio-Code-Class-Projects\cuartoA\SGI\practs\primer_entregable\Source.cpp(372,56): warning C4244: 'argumento': conversión de 'double' a 'GLfloat'; posible pérdida de datos
C:\Users\yassi\source\repos\Golden-hat\Visual-Studio-Code-Class-Projects\cuartoA\SGI\practs\primer_entregable\Source.cpp(384,21): warning C4018: '<': no coinciden signed/unsigned
C:\Users\yassi\source\repos\Golden-hat\Visual-Studio-Code-Class-Projects\cuartoA\SGI\practs\primer_entregable\Source.cpp(393,21): warning C4018: '<': no coinciden signed/unsigned
C:\Users\yassi\source\repos\Golden-hat\Visual-Studio-Code-Class-Projects\cuartoA\SGI\practs\primer_entregable\Source.cpp(402,21): warning C4018: '<': no coinciden signed/unsigned
C:\Users\yassi\source\repos\Golden-hat\Visual-Studio-Code-Class-Projects\cuartoA\SGI\practs\primer_entregable\Source.cpp(411,21): warning C4018: '<': no coinciden signed/unsigned
C:\Users\yassi\source\repos\Golden-hat\Visual-Studio-Code-Class-Projects\cuartoA\SGI\practs\primer_entregable\Source.cpp(446,38): warning C4244: '-=': conversión de 'double' a 'float'; posible pérdida de datos
C:\Users\yassi\source\repos\Golden-hat\Visual-Studio-Code-Class-Projects\cuartoA\SGI\practs\primer_entregable\Source.cpp(447,38): warning C4244: '+=': conversión de 'double' a 'float'; posible pérdida de datos
C:\Users\yassi\source\repos\Golden-hat\Visual-Studio-Code-Class-Projects\cuartoA\SGI\practs\primer_entregable\Source.cpp(450,38): warning C4244: '+=': conversión de 'double' a 'float'; posible pérdida de datos
C:\Users\yassi\source\repos\Golden-hat\Visual-Studio-Code-Class-Projects\cuartoA\SGI\practs\primer_entregable\Source.cpp(451,38): warning C4244: '-=': conversión de 'double' a 'float'; posible pérdida de datos
C:\Users\yassi\source\repos\Golden-hat\Visual-Studio-Code-Class-Projects\cuartoA\SGI\practs\primer_entregable\Source.cpp(458,45): warning C4305: '-=': truncamiento de 'double' a 'float'
C:\Users\yassi\source\repos\Golden-hat\Visual-Studio-Code-Class-Projects\cuartoA\SGI\practs\primer_entregable\Source.cpp(461,23): warning C4305: '+=': truncamiento de 'double' a 'float'
C:\Users\yassi\source\repos\Golden-hat\Visual-Studio-Code-Class-Projects\cuartoA\SGI\practs\primer_entregable\Source.cpp(478,38): warning C4244: '+=': conversión de 'double' a 'float'; posible pérdida de datos
C:\Users\yassi\source\repos\Golden-hat\Visual-Studio-Code-Class-Projects\cuartoA\SGI\practs\primer_entregable\Source.cpp(479,38): warning C4244: '+=': conversión de 'double' a 'float'; posible pérdida de datos
C:\Users\yassi\source\repos\Golden-hat\Visual-Studio-Code-Class-Projects\cuartoA\SGI\practs\primer_entregable\Source.cpp(482,38): warning C4244: '-=': conversión de 'double' a 'float'; posible pérdida de datos
C:\Users\yassi\source\repos\Golden-hat\Visual-Studio-Code-Class-Projects\cuartoA\SGI\practs\primer_entregable\Source.cpp(483,38): warning C4244: '-=': conversión de 'double' a 'float'; posible pérdida de datos
C:\Users\yassi\source\repos\Golden-hat\Visual-Studio-Code-Class-Projects\cuartoA\SGI\practs\primer_entregable\Source.cpp(487,29): warning C4244: '+=': conversión de 'double' a 'float'; posible pérdida de datos
C:\Users\yassi\source\repos\Golden-hat\Visual-Studio-Code-Class-Projects\cuartoA\SGI\practs\primer_entregable\Source.cpp(490,29): warning C4244: '-=': conversión de 'double' a 'float'; posible pérdida de datos
C:\Users\yassi\source\repos\Golden-hat\Visual-Studio-Code-Class-Projects\cuartoA\SGI\practs\primer_entregable\Source.cpp(509,13): warning C4244: 'inicializando': conversión de 'float' a 'int'; posible pérdida de datos
C:\Users\yassi\source\repos\Golden-hat\Visual-Studio-Code-Class-Projects\cuartoA\SGI\practs\primer_entregable\Source.cpp(510,13): warning C4244: 'inicializando': conversión de 'float' a 'int'; posible pérdida de datos
C:\Users\yassi\source\repos\Golden-hat\Visual-Studio-Code-Class-Projects\cuartoA\SGI\practs\primer_entregable\Source.cpp(518,10): warning C4244: '=': conversión de 'int' a 'float'; posible pérdida de datos
C:\Users\yassi\source\repos\Golden-hat\Visual-Studio-Code-Class-Projects\cuartoA\SGI\practs\primer_entregable\Source.cpp(519,10): warning C4244: '=': conversión de 'int' a 'float'; posible pérdida de datos
C:\Users\yassi\source\repos\Golden-hat\Visual-Studio-Code-Class-Projects\cuartoA\SGI\practs\primer_entregable\Source.cpp(547,15): warning C4244: 'inicializando': conversión de 'double' a 'float'; posible pérdida de datos
C:\Users\yassi\source\repos\Golden-hat\Visual-Studio-Code-Class-Projects\cuartoA\SGI\practs\primer_entregable\Source.cpp(548,41): warning C4244: '=': conversión de 'double' a 'float'; posible pérdida de datos
C:\Users\yassi\source\repos\Golden-hat\Visual-Studio-Code-Class-Projects\cuartoA\SGI\practs\primer_entregable\Source.cpp(549,41): warning C4244: '=': conversión de 'double' a 'float'; posible pérdida de datos
C:\Users\yassi\source\repos\Golden-hat\Visual-Studio-Code-Class-Projects\cuartoA\SGI\practs\primer_entregable\Source.cpp(581,23): warning C4305: 'argumento': truncamiento de 'double' a 'float'
C:\Users\yassi\source\repos\Golden-hat\Visual-Studio-Code-Class-Projects\cuartoA\SGI\practs\primer_entregable\Source.cpp(581,13): warning C4305: 'argumento': truncamiento de 'double' a 'float'
C:\Users\yassi\source\repos\Golden-hat\Visual-Studio-Code-Class-Projects\cuartoA\SGI\practs\primer_entregable\Source.cpp(582,21): warning C4305: 'argumento': truncamiento de 'double' a 'float'
C:\Users\yassi\source\repos\Golden-hat\Visual-Studio-Code-Class-Projects\cuartoA\SGI\practs\primer_entregable\Source.cpp(582,12): warning C4305: 'argumento': truncamiento de 'double' a 'float'
C:\Users\yassi\source\repos\Golden-hat\Visual-Studio-Code-Class-Projects\cuartoA\SGI\practs\primer_entregable\Source.cpp(599,11): warning C4244: '=': conversión de 'int' a 'float'; posible pérdida de datos
C:\Users\yassi\source\repos\Golden-hat\Visual-Studio-Code-Class-Projects\cuartoA\SGI\practs\primer_entregable\Source.cpp(600,11): warning C4244: '=': conversión de 'int' a 'float'; posible pérdida de datos
  Generando código
  2 of 179 functions ( 1.1%) were compiled, the rest were copied from previous compilation.
    0 functions were new in current compilation
    2 functions had inline decision re-evaluated but remain unchanged
  Generación de código finalizada
  primer_entregable.vcxproj -> C:\Users\yassi\source\repos\Golden-hat\Visual-Studio-Code-Class-Projects\cuartoA\SGI\practs\primer_entregable\primer_entregable.exe
