  Source.cpp
C:\Users\yassi\source\repos\Golden-hat\Visual-Studio-Code-Class-Projects\cuartoA\SGI\practs\prac2\Source.cpp(99,31): warning C4305: 'argumento': truncamiento de 'double' a 'float'
C:\Users\yassi\source\repos\Golden-hat\Visual-Studio-Code-Class-Projects\cuartoA\SGI\practs\prac2\Source.cpp(99,26): warning C4305: 'argumento': truncamiento de 'double' a 'float'
C:\Users\yassi\source\repos\Golden-hat\Visual-Studio-Code-Class-Projects\cuartoA\SGI\practs\prac2\Source.cpp(99,21): warning C4305: 'argumento': truncamiento de 'double' a 'float'
C:\Users\yassi\source\repos\Golden-hat\Visual-Studio-Code-Class-Projects\cuartoA\SGI\practs\prac2\Source.cpp(100,41): warning C4305: 'argumento': truncamiento de 'double' a 'float'
C:\Users\yassi\source\repos\Golden-hat\Visual-Studio-Code-Class-Projects\cuartoA\SGI\practs\prac2\Source.cpp(100,33): warning C4305: 'argumento': truncamiento de 'double' a 'float'
C:\Users\yassi\source\repos\Golden-hat\Visual-Studio-Code-Class-Projects\cuartoA\SGI\practs\prac2\Source.cpp(100,28): warning C4305: 'argumento': truncamiento de 'double' a 'float'
C:\Users\yassi\source\repos\Golden-hat\Visual-Studio-Code-Class-Projects\cuartoA\SGI\practs\prac2\Source.cpp(100,23): warning C4305: 'argumento': truncamiento de 'double' a 'float'
C:\Users\yassi\source\repos\Golden-hat\Visual-Studio-Code-Class-Projects\cuartoA\SGI\practs\prac2\Source.cpp(105,31): warning C4305: 'argumento': truncamiento de 'double' a 'float'
C:\Users\yassi\source\repos\Golden-hat\Visual-Studio-Code-Class-Projects\cuartoA\SGI\practs\prac2\Source.cpp(105,26): warning C4305: 'argumento': truncamiento de 'double' a 'float'
C:\Users\yassi\source\repos\Golden-hat\Visual-Studio-Code-Class-Projects\cuartoA\SGI\practs\prac2\Source.cpp(105,21): warning C4305: 'argumento': truncamiento de 'double' a 'float'
C:\Users\yassi\source\repos\Golden-hat\Visual-Studio-Code-Class-Projects\cuartoA\SGI\practs\prac2\Source.cpp(106,41): warning C4305: 'argumento': truncamiento de 'double' a 'float'
C:\Users\yassi\source\repos\Golden-hat\Visual-Studio-Code-Class-Projects\cuartoA\SGI\practs\prac2\Source.cpp(106,33): warning C4305: 'argumento': truncamiento de 'double' a 'float'
C:\Users\yassi\source\repos\Golden-hat\Visual-Studio-Code-Class-Projects\cuartoA\SGI\practs\prac2\Source.cpp(106,28): warning C4305: 'argumento': truncamiento de 'double' a 'float'
C:\Users\yassi\source\repos\Golden-hat\Visual-Studio-Code-Class-Projects\cuartoA\SGI\practs\prac2\Source.cpp(106,23): warning C4305: 'argumento': truncamiento de 'double' a 'float'
  Generando código
  5 of 94 functions ( 5.3%) were compiled, the rest were copied from previous compilation.
    0 functions were new in current compilation
    0 functions had inline decision re-evaluated but remain unchanged
  Generación de código finalizada
  prac2.vcxproj -> C:\Users\yassi\source\repos\Golden-hat\Visual-Studio-Code-Class-Projects\cuartoA\SGI\practs\prac2\prac2.exe
